{"/Users/ewa.wrobel/fun-with-maps/fun-with-maps/fileMock.js": {"path":"/Users/ewa.wrobel/fun-with-maps/fun-with-maps/fileMock.js","statementMap":{"0":{"start":{"line":1,"column":0},"end":{"line":4,"column":null}}},"fnMap":{},"branchMap":{},"s":{"0":0},"f":{},"b":{}}
,"/Users/ewa.wrobel/fun-with-maps/fun-with-maps/src/main.tsx": {"path":"/Users/ewa.wrobel/fun-with-maps/fun-with-maps/src/main.tsx","statementMap":{"0":{"start":{"line":6,"column":0},"end":{"line":10,"column":null}}},"fnMap":{},"branchMap":{},"s":{"0":0},"f":{},"b":{}}
,"/Users/ewa.wrobel/fun-with-maps/fun-with-maps/src/App/App.tsx": {"path":"/Users/ewa.wrobel/fun-with-maps/fun-with-maps/src/App/App.tsx","statementMap":{"0":{"start":{"line":6,"column":2},"end":{"line":9,"column":null}}},"fnMap":{"0":{"name":"App","decl":{"start":{"line":4,"column":9},"end":{"line":4,"column":15}},"loc":{"start":{"line":4,"column":15},"end":{"line":11,"column":null}}}},"branchMap":{},"s":{"0":0},"f":{"0":0},"b":{}}
,"/Users/ewa.wrobel/fun-with-maps/fun-with-maps/src/components/ApplicationError.ts": {"path":"/Users/ewa.wrobel/fun-with-maps/fun-with-maps/src/components/ApplicationError.ts","statementMap":{"0":{"start":{"line":10,"column":4},"end":{"line":10,"column":null}},"1":{"start":{"line":11,"column":4},"end":{"line":11,"column":null}},"2":{"start":{"line":15,"column":41},"end":{"line":18,"column":null}}},"fnMap":{"0":{"name":"(anonymous_0)","decl":{"start":{"line":9,"column":2},"end":{"line":9,"column":14}},"loc":{"start":{"line":9,"column":34},"end":{"line":12,"column":null}}}},"branchMap":{},"s":{"0":2,"1":2,"2":1},"f":{"0":2},"b":{}}
,"/Users/ewa.wrobel/fun-with-maps/fun-with-maps/src/components/MarkerIcon.tsx": {"path":"/Users/ewa.wrobel/fun-with-maps/fun-with-maps/src/components/MarkerIcon.tsx","statementMap":{"0":{"start":{"line":2,"column":20},"end":{"line":4,"column":null}},"1":{"start":{"line":6,"column":2},"end":{"line":11,"column":null}}},"fnMap":{"0":{"name":"getMarkerIcon","decl":{"start":{"line":1,"column":16},"end":{"line":1,"column":30}},"loc":{"start":{"line":1,"column":42},"end":{"line":12,"column":null}}}},"branchMap":{},"s":{"0":0,"1":0},"f":{"0":0},"b":{}}
,"/Users/ewa.wrobel/fun-with-maps/fun-with-maps/src/components/AppContent/AppContent.tsx": {"path":"/Users/ewa.wrobel/fun-with-maps/fun-with-maps/src/components/AppContent/AppContent.tsx","statementMap":{"0":{"start":{"line":8,"column":15},"end":{"line":8,"column":null}},"1":{"start":{"line":9,"column":36},"end":{"line":37,"column":null}},"2":{"start":{"line":10,"column":50},"end":{"line":10,"column":null}},"3":{"start":{"line":11,"column":44},"end":{"line":11,"column":null}},"4":{"start":{"line":13,"column":25},"end":{"line":15,"column":null}},"5":{"start":{"line":14,"column":4},"end":{"line":14,"column":null}},"6":{"start":{"line":17,"column":2},"end":{"line":27,"column":null}},"7":{"start":{"line":18,"column":26},"end":{"line":18,"column":null}},"8":{"start":{"line":18,"column":63},"end":{"line":18,"column":null}},"9":{"start":{"line":20,"column":27},"end":{"line":24,"column":null}},"10":{"start":{"line":21,"column":48},"end":{"line":21,"column":null}},"11":{"start":{"line":21,"column":103},"end":{"line":21,"column":156}},"12":{"start":{"line":22,"column":23},"end":{"line":22,"column":null}},"13":{"start":{"line":23,"column":6},"end":{"line":23,"column":null}},"14":{"start":{"line":26,"column":4},"end":{"line":26,"column":null}},"15":{"start":{"line":29,"column":2},"end":{"line":34,"column":null}}},"fnMap":{"0":{"name":"(anonymous_0)","decl":{"start":{"line":9,"column":36},"end":{"line":9,"column":42}},"loc":{"start":{"line":9,"column":42},"end":{"line":37,"column":null}}},"1":{"name":"(anonymous_1)","decl":{"start":{"line":13,"column":25},"end":{"line":13,"column":26}},"loc":{"start":{"line":13,"column":53},"end":{"line":15,"column":null}}},"2":{"name":"(anonymous_2)","decl":{"start":{"line":17,"column":12},"end":{"line":17,"column":18}},"loc":{"start":{"line":17,"column":18},"end":{"line":27,"column":5}}},"3":{"name":"(anonymous_3)","decl":{"start":{"line":18,"column":26},"end":{"line":18,"column":33}},"loc":{"start":{"line":18,"column":63},"end":{"line":18,"column":null}}},"4":{"name":"(anonymous_4)","decl":{"start":{"line":20,"column":27},"end":{"line":20,"column":39}},"loc":{"start":{"line":20,"column":39},"end":{"line":24,"column":null}}},"5":{"name":"(anonymous_5)","decl":{"start":{"line":21,"column":68},"end":{"line":21,"column":75}},"loc":{"start":{"line":21,"column":103},"end":{"line":21,"column":156}}}},"branchMap":{"0":{"loc":{"start":{"line":30,"column":4},"end":{"line":34,"column":null}},"type":"binary-expr","locations":[{"start":{"line":30,"column":4},"end":{"line":30,"column":14}},{"start":{"line":30,"column":14},"end":{"line":30,"column":null}},{"start":{"line":31,"column":5},"end":{"line":34,"column":null}}]}},"s":{"0":0,"1":0,"2":0,"3":0,"4":0,"5":0,"6":0,"7":0,"8":0,"9":0,"10":0,"11":0,"12":0,"13":0,"14":0,"15":0},"f":{"0":0,"1":0,"2":0,"3":0,"4":0,"5":0},"b":{"0":[0,0,0]}}
,"/Users/ewa.wrobel/fun-with-maps/fun-with-maps/src/components/Map/Map.tsx": {"path":"/Users/ewa.wrobel/fun-with-maps/fun-with-maps/src/components/Map/Map.tsx","statementMap":{"0":{"start":{"line":19,"column":42},"end":{"line":123,"column":null}},"1":{"start":{"line":20,"column":17},"end":{"line":20,"column":null}},"2":{"start":{"line":21,"column":14},"end":{"line":21,"column":null}},"3":{"start":{"line":22,"column":19},"end":{"line":22,"column":null}},"4":{"start":{"line":23,"column":14},"end":{"line":23,"column":null}},"5":{"start":{"line":24,"column":69},"end":{"line":24,"column":null}},"6":{"start":{"line":27,"column":38},"end":{"line":27,"column":null}},"7":{"start":{"line":29,"column":2},"end":{"line":109,"column":null}},"8":{"start":{"line":32,"column":6},"end":{"line":99,"column":null}},"9":{"start":{"line":35,"column":8},"end":{"line":35,"column":null}},"10":{"start":{"line":38,"column":34},"end":{"line":43,"column":null}},"11":{"start":{"line":46,"column":35},"end":{"line":48,"column":null}},"12":{"start":{"line":50,"column":32},"end":{"line":50,"column":null}},"13":{"start":{"line":53,"column":23},"end":{"line":57,"column":null}},"14":{"start":{"line":61,"column":25},"end":{"line":63,"column":null}},"15":{"start":{"line":67,"column":8},"end":{"line":67,"column":null}},"16":{"start":{"line":70,"column":19},"end":{"line":70,"column":null}},"17":{"start":{"line":72,"column":8},"end":{"line":72,"column":null}},"18":{"start":{"line":75,"column":8},"end":{"line":75,"column":null}},"19":{"start":{"line":79,"column":38},"end":{"line":79,"column":null}},"20":{"start":{"line":80,"column":23},"end":{"line":87,"column":null}},"21":{"start":{"line":88,"column":8},"end":{"line":88,"column":null}},"22":{"start":{"line":95,"column":8},"end":{"line":97,"column":null}},"23":{"start":{"line":96,"column":10},"end":{"line":96,"column":null}},"24":{"start":{"line":101,"column":6},"end":{"line":104,"column":null}},"25":{"start":{"line":103,"column":8},"end":{"line":103,"column":null}},"26":{"start":{"line":111,"column":2},"end":{"line":117,"column":null}},"27":{"start":{"line":112,"column":4},"end":{"line":116,"column":null}},"28":{"start":{"line":115,"column":6},"end":{"line":115,"column":null}},"29":{"start":{"line":120,"column":2},"end":{"line":120,"column":null}}},"fnMap":{"0":{"name":"(anonymous_0)","decl":{"start":{"line":19,"column":42},"end":{"line":19,"column":43}},"loc":{"start":{"line":19,"column":53},"end":{"line":123,"column":null}}},"1":{"name":"(anonymous_1)","decl":{"start":{"line":30,"column":4},"end":{"line":30,"column":10}},"loc":{"start":{"line":30,"column":10},"end":{"line":106,"column":null}}},"2":{"name":"(anonymous_2)","decl":{"start":{"line":95,"column":42},"end":{"line":95,"column":54}},"loc":{"start":{"line":95,"column":54},"end":{"line":97,"column":9}}},"3":{"name":"(anonymous_3)","decl":{"start":{"line":111,"column":12},"end":{"line":111,"column":18}},"loc":{"start":{"line":111,"column":18},"end":{"line":117,"column":5}}}},"branchMap":{"0":{"loc":{"start":{"line":32,"column":6},"end":{"line":99,"column":null}},"type":"if","locations":[{"start":{"line":32,"column":6},"end":{"line":99,"column":null}},{"start":{"line":32,"column":6},"end":{"line":99,"column":null}}]},"1":{"loc":{"start":{"line":101,"column":6},"end":{"line":104,"column":null}},"type":"if","locations":[{"start":{"line":101,"column":6},"end":{"line":104,"column":null}},{"start":{"line":101,"column":6},"end":{"line":104,"column":null}}]},"2":{"loc":{"start":{"line":112,"column":4},"end":{"line":116,"column":null}},"type":"if","locations":[{"start":{"line":112,"column":4},"end":{"line":116,"column":null}},{"start":{"line":112,"column":4},"end":{"line":116,"column":null}}]}},"s":{"0":0,"1":0,"2":0,"3":0,"4":0,"5":0,"6":0,"7":0,"8":0,"9":0,"10":0,"11":0,"12":0,"13":0,"14":0,"15":0,"16":0,"17":0,"18":0,"19":0,"20":0,"21":0,"22":0,"23":0,"24":0,"25":0,"26":0,"27":0,"28":0,"29":0},"f":{"0":0,"1":0,"2":0,"3":0},"b":{"0":[0,0],"1":[0,0],"2":[0,0]}}
,"/Users/ewa.wrobel/fun-with-maps/fun-with-maps/src/components/MapPoint/MapPoint.tsx": {"path":"/Users/ewa.wrobel/fun-with-maps/fun-with-maps/src/components/MapPoint/MapPoint.tsx","statementMap":{"0":{"start":{"line":11,"column":44},"end":{"line":23,"column":null}},"1":{"start":{"line":12,"column":34},"end":{"line":12,"column":null}},"2":{"start":{"line":13,"column":22},"end":{"line":16,"column":null}},"3":{"start":{"line":14,"column":4},"end":{"line":14,"column":null}},"4":{"start":{"line":15,"column":4},"end":{"line":15,"column":null}},"5":{"start":{"line":18,"column":2},"end":{"line":21,"column":null}}},"fnMap":{"0":{"name":"(anonymous_0)","decl":{"start":{"line":11,"column":44},"end":{"line":11,"column":45}},"loc":{"start":{"line":11,"column":56},"end":{"line":23,"column":null}}},"1":{"name":"(anonymous_1)","decl":{"start":{"line":13,"column":22},"end":{"line":13,"column":28}},"loc":{"start":{"line":13,"column":28},"end":{"line":16,"column":null}}}},"branchMap":{"0":{"loc":{"start":{"line":19,"column":74},"end":{"line":19,"column":null}},"type":"cond-expr","locations":[{"start":{"line":19,"column":84},"end":{"line":19,"column":96}},{"start":{"line":19,"column":96},"end":{"line":19,"column":null}}]}},"s":{"0":2,"1":10,"2":10,"3":1,"4":1,"5":10},"f":{"0":10,"1":1},"b":{"0":[1,9]}}
,"/Users/ewa.wrobel/fun-with-maps/fun-with-maps/src/components/MapPointsList/MapPointsList.tsx": {"path":"/Users/ewa.wrobel/fun-with-maps/fun-with-maps/src/components/MapPointsList/MapPointsList.tsx","statementMap":{"0":{"start":{"line":13,"column":58},"end":{"line":46,"column":null}},"1":{"start":{"line":14,"column":53},"end":{"line":14,"column":null}},"2":{"start":{"line":15,"column":18},"end":{"line":15,"column":null}},"3":{"start":{"line":17,"column":24},"end":{"line":22,"column":null}},"4":{"start":{"line":18,"column":24},"end":{"line":18,"column":null}},"5":{"start":{"line":19,"column":25},"end":{"line":19,"column":null}},"6":{"start":{"line":20,"column":22},"end":{"line":20,"column":null}},"7":{"start":{"line":21,"column":24},"end":{"line":21,"column":null}},"8":{"start":{"line":24,"column":24},"end":{"line":26,"column":null}},"9":{"start":{"line":25,"column":4},"end":{"line":25,"column":null}},"10":{"start":{"line":28,"column":15},"end":{"line":30,"column":null}},"11":{"start":{"line":29,"column":4},"end":{"line":29,"column":null}},"12":{"start":{"line":31,"column":2},"end":{"line":44,"column":null}}},"fnMap":{"0":{"name":"(anonymous_0)","decl":{"start":{"line":13,"column":58},"end":{"line":13,"column":59}},"loc":{"start":{"line":13,"column":70},"end":{"line":46,"column":null}}},"1":{"name":"(anonymous_1)","decl":{"start":{"line":18,"column":18},"end":{"line":18,"column":24}},"loc":{"start":{"line":18,"column":24},"end":{"line":18,"column":null}}},"2":{"name":"(anonymous_2)","decl":{"start":{"line":19,"column":19},"end":{"line":19,"column":25}},"loc":{"start":{"line":19,"column":25},"end":{"line":19,"column":null}}},"3":{"name":"(anonymous_3)","decl":{"start":{"line":20,"column":16},"end":{"line":20,"column":22}},"loc":{"start":{"line":20,"column":22},"end":{"line":20,"column":null}}},"4":{"name":"(anonymous_4)","decl":{"start":{"line":21,"column":18},"end":{"line":21,"column":24}},"loc":{"start":{"line":21,"column":24},"end":{"line":21,"column":null}}},"5":{"name":"(anonymous_5)","decl":{"start":{"line":24,"column":24},"end":{"line":24,"column":30}},"loc":{"start":{"line":24,"column":30},"end":{"line":26,"column":null}}},"6":{"name":"(anonymous_6)","decl":{"start":{"line":28,"column":27},"end":{"line":28,"column":28}},"loc":{"start":{"line":28,"column":38},"end":{"line":30,"column":3}}}},"branchMap":{"0":{"loc":{"start":{"line":25,"column":11},"end":{"line":25,"column":null}},"type":"cond-expr","locations":[{"start":{"line":25,"column":31},"end":{"line":25,"column":60}},{"start":{"line":25,"column":60},"end":{"line":25,"column":null}}]},"1":{"loc":{"start":{"line":32,"column":61},"end":{"line":32,"column":null}},"type":"cond-expr","locations":[{"start":{"line":32,"column":82},"end":{"line":32,"column":92}},{"start":{"line":32,"column":92},"end":{"line":32,"column":null}}]},"2":{"loc":{"start":{"line":35,"column":21},"end":{"line":35,"column":76}},"type":"cond-expr","locations":[{"start":{"line":35,"column":42},"end":{"line":35,"column":65}},{"start":{"line":35,"column":65},"end":{"line":35,"column":76}}]},"3":{"loc":{"start":{"line":36,"column":59},"end":{"line":36,"column":107}},"type":"cond-expr","locations":[{"start":{"line":36,"column":80},"end":{"line":36,"column":96}},{"start":{"line":36,"column":96},"end":{"line":36,"column":107}}]},"4":{"loc":{"start":{"line":37,"column":54},"end":{"line":37,"column":101}},"type":"cond-expr","locations":[{"start":{"line":37,"column":74},"end":{"line":37,"column":90}},{"start":{"line":37,"column":90},"end":{"line":37,"column":101}}]},"5":{"loc":{"start":{"line":38,"column":46},"end":{"line":38,"column":94}},"type":"cond-expr","locations":[{"start":{"line":38,"column":67},"end":{"line":38,"column":83}},{"start":{"line":38,"column":83},"end":{"line":38,"column":94}}]},"6":{"loc":{"start":{"line":39,"column":44},"end":{"line":39,"column":91}},"type":"cond-expr","locations":[{"start":{"line":39,"column":64},"end":{"line":39,"column":80}},{"start":{"line":39,"column":80},"end":{"line":39,"column":91}}]},"7":{"loc":{"start":{"line":41,"column":64},"end":{"line":41,"column":null}},"type":"cond-expr","locations":[{"start":{"line":41,"column":85},"end":{"line":41,"column":99}},{"start":{"line":41,"column":99},"end":{"line":41,"column":null}}]}},"s":{"0":1,"1":7,"2":7,"3":7,"4":0,"5":0,"6":0,"7":0,"8":7,"9":4,"10":7,"11":7,"12":7},"f":{"0":7,"1":0,"2":0,"3":0,"4":0,"5":4,"6":7},"b":{"0":[2,2],"1":[2,5],"2":[2,5],"3":[2,5],"4":[5,2],"5":[2,5],"6":[5,2],"7":[2,5]}}
,"/Users/ewa.wrobel/fun-with-maps/fun-with-maps/src/hooks/useCrowDistance.ts": {"path":"/Users/ewa.wrobel/fun-with-maps/fun-with-maps/src/hooks/useCrowDistance.ts","statementMap":{"0":{"start":{"line":3,"column":12},"end":{"line":3,"column":null}},"1":{"start":{"line":8,"column":14},"end":{"line":8,"column":null}},"2":{"start":{"line":9,"column":25},"end":{"line":9,"column":null}},"3":{"start":{"line":10,"column":25},"end":{"line":10,"column":null}},"4":{"start":{"line":11,"column":17},"end":{"line":11,"column":null}},"5":{"start":{"line":12,"column":17},"end":{"line":12,"column":null}},"6":{"start":{"line":14,"column":14},"end":{"line":15,"column":null}},"7":{"start":{"line":16,"column":14},"end":{"line":16,"column":null}},"8":{"start":{"line":17,"column":14},"end":{"line":17,"column":null}},"9":{"start":{"line":18,"column":6},"end":{"line":18,"column":null}}},"fnMap":{"0":{"name":"toRad","decl":{"start":{"line":2,"column":13},"end":{"line":2,"column":19}},"loc":{"start":{"line":2,"column":34},"end":{"line":4,"column":null}}},"1":{"name":"useCrowDistance","decl":{"start":{"line":7,"column":20},"end":{"line":7,"column":36}},"loc":{"start":{"line":7,"column":92},"end":{"line":19,"column":null}}}},"branchMap":{},"s":{"0":24,"1":6,"2":6,"3":6,"4":6,"5":6,"6":6,"7":6,"8":6,"9":6},"f":{"0":24,"1":6},"b":{}}
,"/Users/ewa.wrobel/fun-with-maps/fun-with-maps/src/hooks/useDoubleRadius.ts": {"path":"/Users/ewa.wrobel/fun-with-maps/fun-with-maps/src/hooks/useDoubleRadius.ts","statementMap":{"0":{"start":{"line":4,"column":31},"end":{"line":14,"column":null}},"1":{"start":{"line":5,"column":27},"end":{"line":12,"column":null}},"2":{"start":{"line":7,"column":30},"end":{"line":7,"column":null}},"3":{"start":{"line":8,"column":6},"end":{"line":8,"column":null}},"4":{"start":{"line":9,"column":33},"end":{"line":9,"column":null}},"5":{"start":{"line":10,"column":6},"end":{"line":10,"column":null}},"6":{"start":{"line":13,"column":2},"end":{"line":13,"column":null}}},"fnMap":{"0":{"name":"(anonymous_0)","decl":{"start":{"line":4,"column":31},"end":{"line":4,"column":32}},"loc":{"start":{"line":4,"column":74},"end":{"line":14,"column":null}}},"1":{"name":"(anonymous_1)","decl":{"start":{"line":6,"column":4},"end":{"line":6,"column":5}},"loc":{"start":{"line":6,"column":43},"end":{"line":11,"column":null}}}},"branchMap":{"0":{"loc":{"start":{"line":10,"column":13},"end":{"line":10,"column":null}},"type":"cond-expr","locations":[{"start":{"line":10,"column":52},"end":{"line":10,"column":59}},{"start":{"line":10,"column":59},"end":{"line":10,"column":null}}]}},"s":{"0":1,"1":1,"2":2,"3":2,"4":2,"5":2,"6":1},"f":{"0":1,"1":2},"b":{"0":[1,1]}}
,"/Users/ewa.wrobel/fun-with-maps/fun-with-maps/src/hooks/useElementSize.ts": {"path":"/Users/ewa.wrobel/fun-with-maps/fun-with-maps/src/hooks/useElementSize.ts","statementMap":{"0":{"start":{"line":10,"column":17},"end":{"line":10,"column":null}},"1":{"start":{"line":11,"column":26},"end":{"line":14,"column":null}},"2":{"start":{"line":16,"column":25},"end":{"line":18,"column":null}},"3":{"start":{"line":17,"column":4},"end":{"line":17,"column":null}},"4":{"start":{"line":21,"column":2},"end":{"line":23,"column":null}},"5":{"start":{"line":22,"column":4},"end":{"line":22,"column":null}},"6":{"start":{"line":26,"column":0},"end":{"line":29,"column":null}},"7":{"start":{"line":27,"column":51},"end":{"line":27,"column":null}},"8":{"start":{"line":28,"column":2},"end":{"line":28,"column":null}},"9":{"start":{"line":31,"column":2},"end":{"line":31,"column":null}}},"fnMap":{"0":{"name":"useElementSize","decl":{"start":{"line":9,"column":24},"end":{"line":9,"column":117}},"loc":{"start":{"line":9,"column":117},"end":{"line":32,"column":null}}},"1":{"name":"(anonymous_1)","decl":{"start":{"line":16,"column":25},"end":{"line":16,"column":26}},"loc":{"start":{"line":16,"column":54},"end":{"line":18,"column":null}}},"2":{"name":"(anonymous_2)","decl":{"start":{"line":21,"column":18},"end":{"line":21,"column":24}},"loc":{"start":{"line":21,"column":24},"end":{"line":23,"column":3}}},"3":{"name":"(anonymous_3)","decl":{"start":{"line":26,"column":26},"end":{"line":26,"column":35}},"loc":{"start":{"line":26,"column":35},"end":{"line":29,"column":1}}}},"branchMap":{"0":{"loc":{"start":{"line":22,"column":4},"end":{"line":22,"column":null}},"type":"binary-expr","locations":[{"start":{"line":22,"column":4},"end":{"line":22,"column":22}},{"start":{"line":22,"column":22},"end":{"line":22,"column":null}}]}},"s":{"0":1,"1":1,"2":1,"3":0,"4":1,"5":1,"6":1,"7":0,"8":0,"9":1},"f":{"0":1,"1":0,"2":1,"3":0},"b":{"0":[1,0]}}
,"/Users/ewa.wrobel/fun-with-maps/fun-with-maps/src/hooks/useMiddleCoordinate.ts": {"path":"/Users/ewa.wrobel/fun-with-maps/fun-with-maps/src/hooks/useMiddleCoordinate.ts","statementMap":{"0":{"start":{"line":4,"column":15},"end":{"line":4,"column":null}},"1":{"start":{"line":4,"column":44},"end":{"line":4,"column":51}},"2":{"start":{"line":5,"column":12},"end":{"line":5,"column":null}},"3":{"start":{"line":6,"column":12},"end":{"line":6,"column":null}},"4":{"start":{"line":7,"column":2},"end":{"line":11,"column":null}},"5":{"start":{"line":8,"column":4},"end":{"line":8,"column":null}},"6":{"start":{"line":8,"column":37},"end":{"line":8,"column":70}},"7":{"start":{"line":9,"column":4},"end":{"line":9,"column":null}},"8":{"start":{"line":10,"column":4},"end":{"line":10,"column":null}},"9":{"start":{"line":12,"column":6},"end":{"line":12,"column":null}},"10":{"start":{"line":13,"column":2},"end":{"line":15,"column":null}},"11":{"start":{"line":14,"column":4},"end":{"line":14,"column":null}},"12":{"start":{"line":16,"column":2},"end":{"line":16,"column":null}},"13":{"start":{"line":20,"column":2},"end":{"line":23,"column":null}}},"fnMap":{"0":{"name":"getMiddle","decl":{"start":{"line":3,"column":10},"end":{"line":3,"column":20}},"loc":{"start":{"line":3,"column":61},"end":{"line":17,"column":null}}},"1":{"name":"(anonymous_1)","decl":{"start":{"line":4,"column":27},"end":{"line":4,"column":28}},"loc":{"start":{"line":4,"column":44},"end":{"line":4,"column":51}}},"2":{"name":"(anonymous_2)","decl":{"start":{"line":8,"column":24},"end":{"line":8,"column":25}},"loc":{"start":{"line":8,"column":37},"end":{"line":8,"column":70}}},"3":{"name":"useMiddleCoordinate","decl":{"start":{"line":19,"column":16},"end":{"line":19,"column":36}},"loc":{"start":{"line":19,"column":57},"end":{"line":24,"column":null}}}},"branchMap":{"0":{"loc":{"start":{"line":7,"column":2},"end":{"line":11,"column":null}},"type":"if","locations":[{"start":{"line":7,"column":2},"end":{"line":11,"column":null}},{"start":{"line":7,"column":2},"end":{"line":11,"column":null}}]},"1":{"loc":{"start":{"line":7,"column":6},"end":{"line":7,"column":43}},"type":"binary-expr","locations":[{"start":{"line":7,"column":6},"end":{"line":7,"column":25}},{"start":{"line":7,"column":25},"end":{"line":7,"column":43}}]},"2":{"loc":{"start":{"line":8,"column":37},"end":{"line":8,"column":70}},"type":"cond-expr","locations":[{"start":{"line":8,"column":55},"end":{"line":8,"column":67}},{"start":{"line":8,"column":67},"end":{"line":8,"column":70}}]},"3":{"loc":{"start":{"line":13,"column":2},"end":{"line":15,"column":null}},"type":"if","locations":[{"start":{"line":13,"column":2},"end":{"line":15,"column":null}},{"start":{"line":13,"column":2},"end":{"line":15,"column":null}}]},"4":{"loc":{"start":{"line":13,"column":6},"end":{"line":13,"column":38}},"type":"binary-expr","locations":[{"start":{"line":13,"column":6},"end":{"line":13,"column":24}},{"start":{"line":13,"column":24},"end":{"line":13,"column":38}}]}},"s":{"0":4,"1":12,"2":4,"3":4,"4":4,"5":1,"6":3,"7":1,"8":1,"9":4,"10":4,"11":0,"12":4,"13":2},"f":{"0":4,"1":12,"2":3,"3":2},"b":{"0":[1,3],"1":[4,2],"2":[1,2],"3":[0,4],"4":[4,2]}}
,"/Users/ewa.wrobel/fun-with-maps/fun-with-maps/src/hooks/useSwipe.ts": {"path":"/Users/ewa.wrobel/fun-with-maps/fun-with-maps/src/hooks/useSwipe.ts","statementMap":{"0":{"start":{"line":17,"column":42},"end":{"line":17,"column":null}},"1":{"start":{"line":18,"column":38},"end":{"line":18,"column":null}},"2":{"start":{"line":19,"column":42},"end":{"line":19,"column":null}},"3":{"start":{"line":20,"column":38},"end":{"line":20,"column":null}},"4":{"start":{"line":23,"column":29},"end":{"line":23,"column":null}},"5":{"start":{"line":25,"column":25},"end":{"line":30,"column":null}},"6":{"start":{"line":26,"column":8},"end":{"line":26,"column":null}},"7":{"start":{"line":27,"column":8},"end":{"line":27,"column":null}},"8":{"start":{"line":28,"column":8},"end":{"line":28,"column":null}},"9":{"start":{"line":29,"column":8},"end":{"line":29,"column":null}},"10":{"start":{"line":32,"column":24},"end":{"line":35,"column":null}},"11":{"start":{"line":33,"column":6},"end":{"line":33,"column":null}},"12":{"start":{"line":34,"column":6},"end":{"line":34,"column":null}},"13":{"start":{"line":37,"column":23},"end":{"line":57,"column":null}},"14":{"start":{"line":39,"column":26},"end":{"line":39,"column":null}},"15":{"start":{"line":40,"column":26},"end":{"line":40,"column":null}},"16":{"start":{"line":41,"column":28},"end":{"line":41,"column":null}},"17":{"start":{"line":42,"column":29},"end":{"line":42,"column":null}},"18":{"start":{"line":43,"column":26},"end":{"line":43,"column":null}},"19":{"start":{"line":44,"column":28},"end":{"line":44,"column":null}},"20":{"start":{"line":45,"column":8},"end":{"line":47,"column":null}},"21":{"start":{"line":46,"column":12},"end":{"line":46,"column":null}},"22":{"start":{"line":48,"column":8},"end":{"line":50,"column":null}},"23":{"start":{"line":49,"column":12},"end":{"line":49,"column":null}},"24":{"start":{"line":51,"column":8},"end":{"line":53,"column":null}},"25":{"start":{"line":52,"column":10},"end":{"line":52,"column":null}},"26":{"start":{"line":54,"column":8},"end":{"line":56,"column":null}},"27":{"start":{"line":55,"column":12},"end":{"line":55,"column":null}},"28":{"start":{"line":59,"column":4},"end":{"line":63,"column":null}}},"fnMap":{"0":{"name":"(anonymous_0)","decl":{"start":{"line":16,"column":15},"end":{"line":16,"column":16}},"loc":{"start":{"line":16,"column":51},"end":{"line":64,"column":null}}},"1":{"name":"(anonymous_1)","decl":{"start":{"line":25,"column":25},"end":{"line":25,"column":26}},"loc":{"start":{"line":25,"column":44},"end":{"line":30,"column":null}}},"2":{"name":"(anonymous_2)","decl":{"start":{"line":32,"column":24},"end":{"line":32,"column":25}},"loc":{"start":{"line":32,"column":43},"end":{"line":35,"column":null}}},"3":{"name":"(anonymous_3)","decl":{"start":{"line":37,"column":23},"end":{"line":37,"column":29}},"loc":{"start":{"line":37,"column":29},"end":{"line":57,"column":null}}}},"branchMap":{"0":{"loc":{"start":{"line":45,"column":8},"end":{"line":47,"column":null}},"type":"if","locations":[{"start":{"line":45,"column":8},"end":{"line":47,"column":null}},{"start":{"line":45,"column":8},"end":{"line":47,"column":null}}]},"1":{"loc":{"start":{"line":48,"column":8},"end":{"line":50,"column":null}},"type":"if","locations":[{"start":{"line":48,"column":8},"end":{"line":50,"column":null}},{"start":{"line":48,"column":8},"end":{"line":50,"column":null}}]},"2":{"loc":{"start":{"line":51,"column":8},"end":{"line":53,"column":null}},"type":"if","locations":[{"start":{"line":51,"column":8},"end":{"line":53,"column":null}},{"start":{"line":51,"column":8},"end":{"line":53,"column":null}}]},"3":{"loc":{"start":{"line":54,"column":8},"end":{"line":56,"column":null}},"type":"if","locations":[{"start":{"line":54,"column":8},"end":{"line":56,"column":null}},{"start":{"line":54,"column":8},"end":{"line":56,"column":null}}]}},"s":{"0":8,"1":8,"2":8,"3":8,"4":8,"5":8,"6":0,"7":0,"8":0,"9":0,"10":8,"11":0,"12":0,"13":8,"14":0,"15":0,"16":0,"17":0,"18":0,"19":0,"20":0,"21":0,"22":0,"23":0,"24":0,"25":0,"26":0,"27":0,"28":8},"f":{"0":8,"1":0,"2":0,"3":0},"b":{"0":[0,0],"1":[0,0],"2":[0,0],"3":[0,0]}}
,"/Users/ewa.wrobel/fun-with-maps/fun-with-maps/src/services/GeoCodeClient.ts": {"path":"/Users/ewa.wrobel/fun-with-maps/fun-with-maps/src/services/GeoCodeClient.ts","statementMap":{"0":{"start":{"line":9,"column":15},"end":{"line":9,"column":null}},"1":{"start":{"line":13,"column":44},"end":{"line":25,"column":null}},"2":{"start":{"line":15,"column":4},"end":{"line":22,"column":null}},"3":{"start":{"line":16,"column":23},"end":{"line":16,"column":null}},"4":{"start":{"line":17,"column":6},"end":{"line":17,"column":null}},"5":{"start":{"line":20,"column":6},"end":{"line":20,"column":null}},"6":{"start":{"line":21,"column":6},"end":{"line":21,"column":null}}},"fnMap":{"0":{"name":"(anonymous_0)","decl":{"start":{"line":14,"column":2},"end":{"line":14,"column":8}},"loc":{"start":{"line":14,"column":29},"end":{"line":24,"column":null}}}},"branchMap":{},"s":{"0":1,"1":1,"2":0,"3":0,"4":0,"5":0,"6":0},"f":{"0":0},"b":{}}
,"/Users/ewa.wrobel/fun-with-maps/fun-with-maps/src/services/GeoCodeService.ts": {"path":"/Users/ewa.wrobel/fun-with-maps/fun-with-maps/src/services/GeoCodeService.ts","statementMap":{"0":{"start":{"line":11,"column":36},"end":{"line":27,"column":null}},"1":{"start":{"line":11,"column":80},"end":{"line":27,"column":null}},"2":{"start":{"line":13,"column":4},"end":{"line":25,"column":null}},"3":{"start":{"line":14,"column":23},"end":{"line":14,"column":null}},"4":{"start":{"line":15,"column":7},"end":{"line":21,"column":null}},"5":{"start":{"line":23,"column":8},"end":{"line":23,"column":null}},"6":{"start":{"line":24,"column":8},"end":{"line":24,"column":null}},"7":{"start":{"line":29,"column":30},"end":{"line":29,"column":null}}},"fnMap":{"0":{"name":"(anonymous_0)","decl":{"start":{"line":11,"column":36},"end":{"line":11,"column":37}},"loc":{"start":{"line":11,"column":80},"end":{"line":27,"column":null}}},"1":{"name":"(anonymous_1)","decl":{"start":{"line":12,"column":14},"end":{"line":12,"column":21}},"loc":{"start":{"line":12,"column":34},"end":{"line":26,"column":null}}}},"branchMap":{},"s":{"0":1,"1":2,"2":2,"3":2,"4":1,"5":1,"6":1,"7":1},"f":{"0":2,"1":2},"b":{}}
,"/Users/ewa.wrobel/fun-with-maps/fun-with-maps/src/utils/addMapInfo.ts": {"path":"/Users/ewa.wrobel/fun-with-maps/fun-with-maps/src/utils/addMapInfo.ts","statementMap":{"0":{"start":{"line":15,"column":24},"end":{"line":15,"column":null}},"1":{"start":{"line":17,"column":15},"end":{"line":17,"column":null}},"2":{"start":{"line":19,"column":2},"end":{"line":19,"column":null}},"3":{"start":{"line":20,"column":2},"end":{"line":20,"column":null}},"4":{"start":{"line":28,"column":2},"end":{"line":28,"column":null}},"5":{"start":{"line":28,"column":40},"end":{"line":28,"column":60}},"6":{"start":{"line":31,"column":15},"end":{"line":41,"column":null}},"7":{"start":{"line":36,"column":6},"end":{"line":39,"column":null}},"8":{"start":{"line":38,"column":8},"end":{"line":38,"column":null}},"9":{"start":{"line":43,"column":2},"end":{"line":43,"column":null}},"10":{"start":{"line":45,"column":2},"end":{"line":45,"column":null}},"11":{"start":{"line":58,"column":83},"end":{"line":58,"column":null}},"12":{"start":{"line":59,"column":14},"end":{"line":59,"column":null}},"13":{"start":{"line":61,"column":2},"end":{"line":61,"column":null}},"14":{"start":{"line":64,"column":2},"end":{"line":67,"column":null}},"15":{"start":{"line":65,"column":30},"end":{"line":65,"column":null}},"16":{"start":{"line":66,"column":4},"end":{"line":66,"column":null}},"17":{"start":{"line":69,"column":2},"end":{"line":72,"column":null}},"18":{"start":{"line":70,"column":36},"end":{"line":70,"column":null}},"19":{"start":{"line":71,"column":4},"end":{"line":71,"column":null}},"20":{"start":{"line":82,"column":38},"end":{"line":87,"column":null}},"21":{"start":{"line":84,"column":54},"end":{"line":84,"column":null}},"22":{"start":{"line":85,"column":28},"end":{"line":85,"column":null}},"23":{"start":{"line":86,"column":2},"end":{"line":86,"column":null}}},"fnMap":{"0":{"name":"addMarkerToGroup","decl":{"start":{"line":13,"column":17},"end":{"line":13,"column":34}},"loc":{"start":{"line":13,"column":74},"end":{"line":21,"column":null}}},"1":{"name":"showBubble","decl":{"start":{"line":26,"column":17},"end":{"line":26,"column":28}},"loc":{"start":{"line":26,"column":81},"end":{"line":46,"column":null}}},"2":{"name":"(anonymous_2)","decl":{"start":{"line":28,"column":26},"end":{"line":28,"column":27}},"loc":{"start":{"line":28,"column":40},"end":{"line":28,"column":60}}},"3":{"name":"(anonymous_3)","decl":{"start":{"line":34,"column":19},"end":{"line":34,"column":28}},"loc":{"start":{"line":34,"column":33},"end":{"line":40,"column":null}}},"4":{"name":"addInfoBubble","decl":{"start":{"line":57,"column":16},"end":{"line":57,"column":30}},"loc":{"start":{"line":57,"column":56},"end":{"line":73,"column":null}}},"5":{"name":"(anonymous_5)","decl":{"start":{"line":64,"column":32},"end":{"line":64,"column":42}},"loc":{"start":{"line":64,"column":52},"end":{"line":67,"column":5}}},"6":{"name":"(anonymous_6)","decl":{"start":{"line":69,"column":17},"end":{"line":69,"column":26}},"loc":{"start":{"line":69,"column":26},"end":{"line":72,"column":3}}},"7":{"name":"(anonymous_7)","decl":{"start":{"line":82,"column":38},"end":{"line":82,"column":39}},"loc":{"start":{"line":82,"column":77},"end":{"line":87,"column":null}}}},"branchMap":{"0":{"loc":{"start":{"line":36,"column":6},"end":{"line":39,"column":null}},"type":"if","locations":[{"start":{"line":36,"column":6},"end":{"line":39,"column":null}},{"start":{"line":36,"column":6},"end":{"line":39,"column":null}}]},"1":{"loc":{"start":{"line":65,"column":30},"end":{"line":65,"column":null}},"type":"binary-expr","locations":[{"start":{"line":65,"column":30},"end":{"line":65,"column":52}},{"start":{"line":65,"column":52},"end":{"line":65,"column":null}}]},"2":{"loc":{"start":{"line":70,"column":36},"end":{"line":70,"column":null}},"type":"binary-expr","locations":[{"start":{"line":70,"column":36},"end":{"line":70,"column":64}},{"start":{"line":70,"column":64},"end":{"line":70,"column":null}}]},"3":{"loc":{"start":{"line":85,"column":28},"end":{"line":85,"column":null}},"type":"binary-expr","locations":[{"start":{"line":85,"column":28},"end":{"line":85,"column":50}},{"start":{"line":85,"column":50},"end":{"line":85,"column":null}}]}},"s":{"0":0,"1":0,"2":0,"3":0,"4":0,"5":0,"6":0,"7":0,"8":0,"9":0,"10":0,"11":0,"12":0,"13":0,"14":0,"15":0,"16":0,"17":0,"18":0,"19":0,"20":1,"21":1,"22":1,"23":1},"f":{"0":0,"1":0,"2":0,"3":0,"4":0,"5":0,"6":0,"7":1},"b":{"0":[0,0],"1":[0,0],"2":[0,0],"3":[1,0]}}
,"/Users/ewa.wrobel/fun-with-maps/fun-with-maps/src/utils/addPolygon.ts": {"path":"/Users/ewa.wrobel/fun-with-maps/fun-with-maps/src/utils/addPolygon.ts","statementMap":{"0":{"start":{"line":9,"column":19},"end":{"line":9,"column":null}},"1":{"start":{"line":10,"column":2},"end":{"line":19,"column":null}}},"fnMap":{"0":{"name":"addPolygonToMap","decl":{"start":{"line":8,"column":16},"end":{"line":8,"column":32}},"loc":{"start":{"line":8,"column":42},"end":{"line":20,"column":null}}}},"branchMap":{},"s":{"0":0,"1":0},"f":{"0":0},"b":{}}
,"/Users/ewa.wrobel/fun-with-maps/fun-with-maps/src/utils/calculateRoute.ts": {"path":"/Users/ewa.wrobel/fun-with-maps/fun-with-maps/src/utils/calculateRoute.ts","statementMap":{"0":{"start":{"line":7,"column":23},"end":{"line":7,"column":null}},"1":{"start":{"line":8,"column":26},"end":{"line":8,"column":null}},"2":{"start":{"line":9,"column":6},"end":{"line":12,"column":null}},"3":{"start":{"line":11,"column":10},"end":{"line":11,"column":null}},"4":{"start":{"line":13,"column":30},"end":{"line":13,"column":null}},"5":{"start":{"line":14,"column":21},"end":{"line":14,"column":null}},"6":{"start":{"line":17,"column":28},"end":{"line":21,"column":null}},"7":{"start":{"line":24,"column":6},"end":{"line":24,"column":null}},"8":{"start":{"line":26,"column":6},"end":{"line":26,"column":null}},"9":{"start":{"line":27,"column":6},"end":{"line":36,"column":null}},"10":{"start":{"line":40,"column":17},"end":{"line":40,"column":null}},"11":{"start":{"line":43,"column":24},"end":{"line":48,"column":null}},"12":{"start":{"line":51,"column":2},"end":{"line":51,"column":null}}},"fnMap":{"0":{"name":"calculateRoute","decl":{"start":{"line":5,"column":16},"end":{"line":5,"column":31}},"loc":{"start":{"line":5,"column":66},"end":{"line":52,"column":null}}},"1":{"name":"routeResponseHandler","decl":{"start":{"line":6,"column":11},"end":{"line":6,"column":32}},"loc":{"start":{"line":6,"column":42},"end":{"line":37,"column":null}}},"2":{"name":"(anonymous_2)","decl":{"start":{"line":9,"column":23},"end":{"line":9,"column":24}},"loc":{"start":{"line":9,"column":36},"end":{"line":12,"column":7}}}},"branchMap":{},"s":{"0":0,"1":0,"2":0,"3":0,"4":0,"5":0,"6":0,"7":0,"8":0,"9":0,"10":0,"11":0,"12":0},"f":{"0":0,"1":0,"2":0},"b":{}}
,"/Users/ewa.wrobel/fun-with-maps/fun-with-maps/src/utils/dataForMap.ts": {"path":"/Users/ewa.wrobel/fun-with-maps/fun-with-maps/src/utils/dataForMap.ts","statementMap":{"0":{"start":{"line":12,"column":38},"end":{"line":12,"column":null}},"1":{"start":{"line":14,"column":43},"end":{"line":19,"column":null}},"2":{"start":{"line":21,"column":30},"end":{"line":21,"column":null}}},"fnMap":{},"branchMap":{},"s":{"0":0,"1":0,"2":0},"f":{},"b":{}}
,"/Users/ewa.wrobel/fun-with-maps/fun-with-maps/src/utils/mapPoint.ts": {"path":"/Users/ewa.wrobel/fun-with-maps/fun-with-maps/src/utils/mapPoint.ts","statementMap":{"0":{"start":{"line":2,"column":24},"end":{"line":2,"column":null}}},"fnMap":{},"branchMap":{},"s":{"0":1},"f":{},"b":{}}
,"/Users/ewa.wrobel/fun-with-maps/fun-with-maps/src/utils/navigateOnMap.ts": {"path":"/Users/ewa.wrobel/fun-with-maps/fun-with-maps/src/utils/navigateOnMap.ts","statementMap":{"0":{"start":{"line":9,"column":23},"end":{"line":17,"column":null}},"1":{"start":{"line":10,"column":2},"end":{"line":16,"column":null}}},"fnMap":{"0":{"name":"(anonymous_0)","decl":{"start":{"line":9,"column":23},"end":{"line":9,"column":25}},"loc":{"start":{"line":9,"column":73},"end":{"line":17,"column":null}}}},"branchMap":{},"s":{"0":1,"1":0},"f":{"0":0},"b":{}}
}
